[0.230s] DEBUG:colcon:Command line arguments: ['/usr/bin/colcon', 'build', '--merge-install', '--symlink-install', '--base-paths', 'src']
[0.230s] DEBUG:colcon:Parsed command line arguments: Namespace(log_base=None, log_level=None, verb_name='build', build_base='build', install_base='install', merge_install=True, symlink_install=True, test_result_base=None, continue_on_error=False, executor='parallel', parallel_workers=6, event_handlers=None, ignore_user_meta=False, metas=['./colcon.meta'], base_paths=['src'], packages_ignore=None, packages_ignore_regex=None, paths=None, packages_up_to=None, packages_up_to_regex=None, packages_above=None, packages_above_and_dependencies=None, packages_above_depth=None, packages_select_by_dep=None, packages_skip_by_dep=None, packages_skip_up_to=None, packages_select_build_failed=False, packages_skip_build_finished=False, packages_select_test_failures=False, packages_skip_test_passed=False, packages_select=None, packages_skip=None, packages_select_regex=None, packages_skip_regex=None, packages_start=None, packages_end=None, allow_overriding=[], cmake_args=None, cmake_target=None, cmake_target_skip_unavailable=False, cmake_clean_cache=False, cmake_clean_first=False, cmake_force_configure=False, ament_cmake_args=None, catkin_cmake_args=None, catkin_skip_building_tests=False, mixin_files=None, mixin=None, verb_parser=<colcon_mixin.mixin.mixin_argument.MixinArgumentDecorator object at 0xffffaffa6da0>, verb_extension=<colcon_core.verb.build.BuildVerb object at 0xffffb00fbca0>, main=<bound method BuildVerb.main of <colcon_core.verb.build.BuildVerb object at 0xffffb00fbca0>>, mixin_verb=('build',))
[0.594s] Level 1:colcon.colcon_core.package_discovery:discover_packages(colcon_meta) check parameters
[0.595s] Level 1:colcon.colcon_core.package_discovery:discover_packages(recursive) check parameters
[0.595s] Level 1:colcon.colcon_core.package_discovery:discover_packages(ignore) check parameters
[0.595s] Level 1:colcon.colcon_core.package_discovery:discover_packages(path) check parameters
[0.595s] Level 1:colcon.colcon_core.package_discovery:discover_packages(recursive) discover
[0.595s] INFO:colcon.colcon_core.package_discovery:Crawling recursively for packages in '/home/golf/combi_ws/src'
[0.595s] Level 1:colcon.colcon_core.package_identification:_identify(src) by extensions ['ignore', 'ignore_ament_install']
[0.596s] Level 1:colcon.colcon_core.package_identification:_identify(src) by extension 'ignore'
[0.596s] Level 1:colcon.colcon_core.package_identification:_identify(src) by extension 'ignore_ament_install'
[0.596s] Level 1:colcon.colcon_core.package_identification:_identify(src) by extensions ['colcon_pkg']
[0.596s] Level 1:colcon.colcon_core.package_identification:_identify(src) by extension 'colcon_pkg'
[0.596s] Level 1:colcon.colcon_core.package_identification:_identify(src) by extensions ['colcon_meta']
[0.596s] Level 1:colcon.colcon_core.package_identification:_identify(src) by extension 'colcon_meta'
[0.596s] Level 1:colcon.colcon_core.package_identification:_identify(src) by extensions ['ros']
[0.596s] Level 1:colcon.colcon_core.package_identification:_identify(src) by extension 'ros'
[0.618s] Level 1:colcon.colcon_core.package_identification:_identify(src) by extensions ['cmake', 'python']
[0.619s] Level 1:colcon.colcon_core.package_identification:_identify(src) by extension 'cmake'
[0.619s] Level 1:colcon.colcon_core.package_identification:_identify(src) by extension 'python'
[0.619s] Level 1:colcon.colcon_core.package_identification:_identify(src) by extensions ['python_setup_py']
[0.619s] Level 1:colcon.colcon_core.package_identification:_identify(src) by extension 'python_setup_py'
[0.619s] Level 1:colcon.colcon_core.package_identification:_identify(src/combi_description) by extensions ['ignore', 'ignore_ament_install']
[0.619s] Level 1:colcon.colcon_core.package_identification:_identify(src/combi_description) by extension 'ignore'
[0.620s] Level 1:colcon.colcon_core.package_identification:_identify(src/combi_description) by extension 'ignore_ament_install'
[0.620s] Level 1:colcon.colcon_core.package_identification:_identify(src/combi_description) by extensions ['colcon_pkg']
[0.620s] Level 1:colcon.colcon_core.package_identification:_identify(src/combi_description) by extension 'colcon_pkg'
[0.620s] Level 1:colcon.colcon_core.package_identification:_identify(src/combi_description) by extensions ['colcon_meta']
[0.620s] Level 1:colcon.colcon_core.package_identification:_identify(src/combi_description) by extension 'colcon_meta'
[0.620s] Level 1:colcon.colcon_core.package_identification:_identify(src/combi_description) by extensions ['ros']
[0.620s] Level 1:colcon.colcon_core.package_identification:_identify(src/combi_description) by extension 'ros'
[0.625s] DEBUG:colcon.colcon_core.package_identification:Package 'src/combi_description' with type 'ros.ament_cmake' and name 'combi_description'
[0.626s] Level 1:colcon.colcon_core.package_identification:_identify(src/combi_moveit) by extensions ['ignore', 'ignore_ament_install']
[0.626s] Level 1:colcon.colcon_core.package_identification:_identify(src/combi_moveit) by extension 'ignore'
[0.626s] Level 1:colcon.colcon_core.package_identification:_identify(src/combi_moveit) by extension 'ignore_ament_install'
[0.626s] Level 1:colcon.colcon_core.package_identification:_identify(src/combi_moveit) by extensions ['colcon_pkg']
[0.626s] Level 1:colcon.colcon_core.package_identification:_identify(src/combi_moveit) by extension 'colcon_pkg'
[0.626s] Level 1:colcon.colcon_core.package_identification:_identify(src/combi_moveit) by extensions ['colcon_meta']
[0.626s] Level 1:colcon.colcon_core.package_identification:_identify(src/combi_moveit) by extension 'colcon_meta'
[0.626s] Level 1:colcon.colcon_core.package_identification:_identify(src/combi_moveit) by extensions ['ros']
[0.627s] Level 1:colcon.colcon_core.package_identification:_identify(src/combi_moveit) by extension 'ros'
[0.628s] DEBUG:colcon.colcon_core.package_identification:Package 'src/combi_moveit' with type 'ros.ament_cmake' and name 'combi_moveit'
[0.628s] Level 1:colcon.colcon_core.package_discovery:discover_packages(recursive) using defaults
[0.697s] Level 1:colcon.colcon_core.package_discovery:discover_packages(prefix_path) check parameters
[0.697s] Level 1:colcon.colcon_core.package_discovery:discover_packages(prefix_path) discover
[0.699s] WARNING:colcon.colcon_ros.prefix_path.ament:The path '/home/golf/combi_ws/install' in the environment variable AMENT_PREFIX_PATH doesn't contain any 'local_setup.*' files.
[0.701s] DEBUG:colcon.colcon_installed_package_information.package_discovery:Found 0 installed packages in /home/golf/combi_ws/install
[0.702s] DEBUG:colcon.colcon_installed_package_information.package_discovery:Found 1 installed packages in /home/golf/ws_nova2_delto/install
[0.705s] DEBUG:colcon.colcon_installed_package_information.package_discovery:Found 358 installed packages in /opt/ros/humble
[0.708s] Level 1:colcon.colcon_core.package_discovery:discover_packages(prefix_path) using defaults
[0.807s] Level 5:colcon.colcon_core.verb:set package 'combi_description' build argument 'cmake_args' from command line to 'None'
[0.807s] Level 5:colcon.colcon_core.verb:set package 'combi_description' build argument 'cmake_target' from command line to 'None'
[0.807s] Level 5:colcon.colcon_core.verb:set package 'combi_description' build argument 'cmake_target_skip_unavailable' from command line to 'False'
[0.807s] Level 5:colcon.colcon_core.verb:set package 'combi_description' build argument 'cmake_clean_cache' from command line to 'False'
[0.807s] Level 5:colcon.colcon_core.verb:set package 'combi_description' build argument 'cmake_clean_first' from command line to 'False'
[0.808s] Level 5:colcon.colcon_core.verb:set package 'combi_description' build argument 'cmake_force_configure' from command line to 'False'
[0.808s] Level 5:colcon.colcon_core.verb:set package 'combi_description' build argument 'ament_cmake_args' from command line to 'None'
[0.808s] Level 5:colcon.colcon_core.verb:set package 'combi_description' build argument 'catkin_cmake_args' from command line to 'None'
[0.808s] Level 5:colcon.colcon_core.verb:set package 'combi_description' build argument 'catkin_skip_building_tests' from command line to 'False'
[0.808s] DEBUG:colcon.colcon_core.verb:Building package 'combi_description' with the following arguments: {'ament_cmake_args': None, 'build_base': '/home/golf/combi_ws/build/combi_description', 'catkin_cmake_args': None, 'catkin_skip_building_tests': False, 'cmake_args': None, 'cmake_clean_cache': False, 'cmake_clean_first': False, 'cmake_force_configure': False, 'cmake_target': None, 'cmake_target_skip_unavailable': False, 'install_base': '/home/golf/combi_ws/install', 'merge_install': True, 'path': '/home/golf/combi_ws/src/combi_description', 'symlink_install': True, 'test_result_base': None}
[0.809s] Level 5:colcon.colcon_core.verb:set package 'combi_moveit' build argument 'cmake_args' from command line to 'None'
[0.809s] Level 5:colcon.colcon_core.verb:set package 'combi_moveit' build argument 'cmake_target' from command line to 'None'
[0.809s] Level 5:colcon.colcon_core.verb:set package 'combi_moveit' build argument 'cmake_target_skip_unavailable' from command line to 'False'
[0.809s] Level 5:colcon.colcon_core.verb:set package 'combi_moveit' build argument 'cmake_clean_cache' from command line to 'False'
[0.809s] Level 5:colcon.colcon_core.verb:set package 'combi_moveit' build argument 'cmake_clean_first' from command line to 'False'
[0.809s] Level 5:colcon.colcon_core.verb:set package 'combi_moveit' build argument 'cmake_force_configure' from command line to 'False'
[0.809s] Level 5:colcon.colcon_core.verb:set package 'combi_moveit' build argument 'ament_cmake_args' from command line to 'None'
[0.809s] Level 5:colcon.colcon_core.verb:set package 'combi_moveit' build argument 'catkin_cmake_args' from command line to 'None'
[0.809s] Level 5:colcon.colcon_core.verb:set package 'combi_moveit' build argument 'catkin_skip_building_tests' from command line to 'False'
[0.809s] DEBUG:colcon.colcon_core.verb:Building package 'combi_moveit' with the following arguments: {'ament_cmake_args': None, 'build_base': '/home/golf/combi_ws/build/combi_moveit', 'catkin_cmake_args': None, 'catkin_skip_building_tests': False, 'cmake_args': None, 'cmake_clean_cache': False, 'cmake_clean_first': False, 'cmake_force_configure': False, 'cmake_target': None, 'cmake_target_skip_unavailable': False, 'install_base': '/home/golf/combi_ws/install', 'merge_install': True, 'path': '/home/golf/combi_ws/src/combi_moveit', 'symlink_install': True, 'test_result_base': None}
[0.809s] INFO:colcon.colcon_core.executor:Executing jobs using 'parallel' executor
[0.812s] DEBUG:colcon.colcon_parallel_executor.executor.parallel:run_until_complete
[0.812s] INFO:colcon.colcon_ros.task.ament_cmake.build:Building ROS package in '/home/golf/combi_ws/src/combi_description' with build type 'ament_cmake'
[0.812s] INFO:colcon.colcon_cmake.task.cmake.build:Building CMake package in '/home/golf/combi_ws/src/combi_description'
[0.817s] INFO:colcon.colcon_core.plugin_system:Skipping extension 'colcon_core.shell.bat': Not used on non-Windows systems
[0.817s] INFO:colcon.colcon_core.shell:Skip shell extension 'powershell' for command environment: Not usable outside of PowerShell
[0.817s] DEBUG:colcon.colcon_core.shell:Skip shell extension 'dsv' for command environment
[0.832s] DEBUG:colcon.colcon_core.event_handler.log_command:Invoking command in '/home/golf/combi_ws/build/combi_description': CMAKE_PREFIX_PATH=/home/golf/combi_ws/install:/opt/ros/humble:/home/golf/ws_nova2_delto/install /usr/bin/cmake /home/golf/combi_ws/src/combi_description -DAMENT_CMAKE_SYMLINK_INSTALL=1 -DCMAKE_INSTALL_PREFIX=/home/golf/combi_ws/install
[2.467s] DEBUG:colcon.colcon_core.event_handler.log_command:Invoked command in '/home/golf/combi_ws/build/combi_description' returned '0': CMAKE_PREFIX_PATH=/home/golf/combi_ws/install:/opt/ros/humble:/home/golf/ws_nova2_delto/install /usr/bin/cmake /home/golf/combi_ws/src/combi_description -DAMENT_CMAKE_SYMLINK_INSTALL=1 -DCMAKE_INSTALL_PREFIX=/home/golf/combi_ws/install
[2.472s] DEBUG:colcon.colcon_core.event_handler.log_command:Invoking command in '/home/golf/combi_ws/build/combi_description': CMAKE_PREFIX_PATH=/home/golf/combi_ws/install:/opt/ros/humble:/home/golf/ws_nova2_delto/install /usr/bin/cmake --build /home/golf/combi_ws/build/combi_description -- -j6 -l6
[2.561s] DEBUG:colcon.colcon_core.event_handler.log_command:Invoked command in '/home/golf/combi_ws/build/combi_description' returned '0': CMAKE_PREFIX_PATH=/home/golf/combi_ws/install:/opt/ros/humble:/home/golf/ws_nova2_delto/install /usr/bin/cmake --build /home/golf/combi_ws/build/combi_description -- -j6 -l6
[2.587s] DEBUG:colcon.colcon_core.event_handler.log_command:Invoking command in '/home/golf/combi_ws/build/combi_description': CMAKE_PREFIX_PATH=/home/golf/combi_ws/install:/opt/ros/humble:/home/golf/ws_nova2_delto/install /usr/bin/cmake --install /home/golf/combi_ws/build/combi_description
[3.280s] Level 1:colcon.colcon_core.environment:create_environment_scripts_only(combi_description)
[3.282s] DEBUG:colcon.colcon_core.event_handler.log_command:Invoked command in '/home/golf/combi_ws/build/combi_description' returned '0': CMAKE_PREFIX_PATH=/home/golf/combi_ws/install:/opt/ros/humble:/home/golf/ws_nova2_delto/install /usr/bin/cmake --install /home/golf/combi_ws/build/combi_description
[3.291s] Level 1:colcon.colcon_core.environment:checking '/home/golf/combi_ws/install' for CMake module files
[3.293s] Level 1:colcon.colcon_core.environment:checking '/home/golf/combi_ws/install' for CMake config files
[3.294s] Level 1:colcon.colcon_core.shell:create_environment_hook('combi_description', 'cmake_prefix_path')
[3.295s] INFO:colcon.colcon_core.shell:Creating environment hook '/home/golf/combi_ws/install/share/combi_description/hook/cmake_prefix_path.ps1'
[3.297s] INFO:colcon.colcon_core.shell:Creating environment descriptor '/home/golf/combi_ws/install/share/combi_description/hook/cmake_prefix_path.dsv'
[3.299s] INFO:colcon.colcon_core.shell:Creating environment hook '/home/golf/combi_ws/install/share/combi_description/hook/cmake_prefix_path.sh'
[3.302s] Level 1:colcon.colcon_core.environment:checking '/home/golf/combi_ws/install/bin'
[3.302s] Level 1:colcon.colcon_core.environment:checking '/home/golf/combi_ws/install/lib/pkgconfig/combi_description.pc'
[3.303s] Level 1:colcon.colcon_core.environment:checking '/home/golf/combi_ws/install/lib/python3.10/site-packages'
[3.304s] Level 1:colcon.colcon_core.environment:checking '/home/golf/combi_ws/install/bin'
[3.305s] INFO:colcon.colcon_core.shell:Creating package script '/home/golf/combi_ws/install/share/combi_description/package.ps1'
[3.308s] INFO:colcon.colcon_core.shell:Creating package descriptor '/home/golf/combi_ws/install/share/combi_description/package.dsv'
[3.310s] INFO:colcon.colcon_core.shell:Creating package script '/home/golf/combi_ws/install/share/combi_description/package.sh'
[3.312s] INFO:colcon.colcon_core.shell:Creating package script '/home/golf/combi_ws/install/share/combi_description/package.bash'
[3.315s] INFO:colcon.colcon_core.shell:Creating package script '/home/golf/combi_ws/install/share/combi_description/package.zsh'
[3.317s] Level 1:colcon.colcon_core.environment:create_file_with_runtime_dependencies(/home/golf/combi_ws/install/share/colcon-core/packages/combi_description)
[3.320s] Level 1:colcon.colcon_core.environment:create_environment_scripts_only(combi_description)
[3.321s] Level 1:colcon.colcon_core.environment:checking '/home/golf/combi_ws/install' for CMake module files
[3.323s] Level 1:colcon.colcon_core.environment:checking '/home/golf/combi_ws/install' for CMake config files
[3.324s] Level 1:colcon.colcon_core.shell:create_environment_hook('combi_description', 'cmake_prefix_path')
[3.324s] INFO:colcon.colcon_core.shell:Creating environment hook '/home/golf/combi_ws/install/share/combi_description/hook/cmake_prefix_path.ps1'
[3.326s] INFO:colcon.colcon_core.shell:Creating environment descriptor '/home/golf/combi_ws/install/share/combi_description/hook/cmake_prefix_path.dsv'
[3.327s] INFO:colcon.colcon_core.shell:Creating environment hook '/home/golf/combi_ws/install/share/combi_description/hook/cmake_prefix_path.sh'
[3.329s] Level 1:colcon.colcon_core.environment:checking '/home/golf/combi_ws/install/bin'
[3.329s] Level 1:colcon.colcon_core.environment:checking '/home/golf/combi_ws/install/lib/pkgconfig/combi_description.pc'
[3.330s] Level 1:colcon.colcon_core.environment:checking '/home/golf/combi_ws/install/lib/python3.10/site-packages'
[3.331s] Level 1:colcon.colcon_core.environment:checking '/home/golf/combi_ws/install/bin'
[3.332s] INFO:colcon.colcon_core.shell:Creating package script '/home/golf/combi_ws/install/share/combi_description/package.ps1'
[3.334s] INFO:colcon.colcon_core.shell:Creating package descriptor '/home/golf/combi_ws/install/share/combi_description/package.dsv'
[3.336s] INFO:colcon.colcon_core.shell:Creating package script '/home/golf/combi_ws/install/share/combi_description/package.sh'
[3.337s] INFO:colcon.colcon_core.shell:Creating package script '/home/golf/combi_ws/install/share/combi_description/package.bash'
[3.339s] INFO:colcon.colcon_core.shell:Creating package script '/home/golf/combi_ws/install/share/combi_description/package.zsh'
[3.340s] Level 1:colcon.colcon_core.environment:create_file_with_runtime_dependencies(/home/golf/combi_ws/install/share/colcon-core/packages/combi_description)
[3.342s] INFO:colcon.colcon_ros.task.ament_cmake.build:Building ROS package in '/home/golf/combi_ws/src/combi_moveit' with build type 'ament_cmake'
[3.342s] INFO:colcon.colcon_cmake.task.cmake.build:Building CMake package in '/home/golf/combi_ws/src/combi_moveit'
[3.343s] INFO:colcon.colcon_core.shell:Skip shell extension 'powershell' for command environment: Not usable outside of PowerShell
[3.344s] DEBUG:colcon.colcon_core.shell:Skip shell extension 'dsv' for command environment
[3.370s] DEBUG:colcon.colcon_core.event_handler.log_command:Invoking command in '/home/golf/combi_ws/build/combi_moveit': CMAKE_PREFIX_PATH=/home/golf/combi_ws/install:/opt/ros/humble:/home/golf/ws_nova2_delto/install /usr/bin/cmake /home/golf/combi_ws/src/combi_moveit -DAMENT_CMAKE_SYMLINK_INSTALL=1 -DCMAKE_INSTALL_PREFIX=/home/golf/combi_ws/install
[4.786s] DEBUG:colcon.colcon_core.event_handler.log_command:Invoked command in '/home/golf/combi_ws/build/combi_moveit' returned '0': CMAKE_PREFIX_PATH=/home/golf/combi_ws/install:/opt/ros/humble:/home/golf/ws_nova2_delto/install /usr/bin/cmake /home/golf/combi_ws/src/combi_moveit -DAMENT_CMAKE_SYMLINK_INSTALL=1 -DCMAKE_INSTALL_PREFIX=/home/golf/combi_ws/install
[4.791s] DEBUG:colcon.colcon_core.event_handler.log_command:Invoking command in '/home/golf/combi_ws/build/combi_moveit': CMAKE_PREFIX_PATH=/home/golf/combi_ws/install:/opt/ros/humble:/home/golf/ws_nova2_delto/install /usr/bin/cmake --build /home/golf/combi_ws/build/combi_moveit -- -j6 -l6
[4.877s] DEBUG:colcon.colcon_core.event_handler.log_command:Invoked command in '/home/golf/combi_ws/build/combi_moveit' returned '0': CMAKE_PREFIX_PATH=/home/golf/combi_ws/install:/opt/ros/humble:/home/golf/ws_nova2_delto/install /usr/bin/cmake --build /home/golf/combi_ws/build/combi_moveit -- -j6 -l6
[4.882s] DEBUG:colcon.colcon_core.event_handler.log_command:Invoking command in '/home/golf/combi_ws/build/combi_moveit': CMAKE_PREFIX_PATH=/home/golf/combi_ws/install:/opt/ros/humble:/home/golf/ws_nova2_delto/install /usr/bin/cmake --install /home/golf/combi_ws/build/combi_moveit
[5.608s] Level 1:colcon.colcon_core.environment:create_environment_scripts_only(combi_moveit)
[5.609s] Level 1:colcon.colcon_core.environment:checking '/home/golf/combi_ws/install' for CMake module files
[5.611s] DEBUG:colcon.colcon_core.event_handler.log_command:Invoked command in '/home/golf/combi_ws/build/combi_moveit' returned '0': CMAKE_PREFIX_PATH=/home/golf/combi_ws/install:/opt/ros/humble:/home/golf/ws_nova2_delto/install /usr/bin/cmake --install /home/golf/combi_ws/build/combi_moveit
[5.612s] Level 1:colcon.colcon_core.environment:checking '/home/golf/combi_ws/install' for CMake config files
[5.613s] Level 1:colcon.colcon_core.shell:create_environment_hook('combi_moveit', 'cmake_prefix_path')
[5.614s] INFO:colcon.colcon_core.shell:Creating environment hook '/home/golf/combi_ws/install/share/combi_moveit/hook/cmake_prefix_path.ps1'
[5.616s] INFO:colcon.colcon_core.shell:Creating environment descriptor '/home/golf/combi_ws/install/share/combi_moveit/hook/cmake_prefix_path.dsv'
[5.617s] INFO:colcon.colcon_core.shell:Creating environment hook '/home/golf/combi_ws/install/share/combi_moveit/hook/cmake_prefix_path.sh'
[5.619s] Level 1:colcon.colcon_core.environment:checking '/home/golf/combi_ws/install/bin'
[5.619s] Level 1:colcon.colcon_core.environment:checking '/home/golf/combi_ws/install/lib/pkgconfig/combi_moveit.pc'
[5.620s] Level 1:colcon.colcon_core.environment:checking '/home/golf/combi_ws/install/lib/python3.10/site-packages'
[5.621s] Level 1:colcon.colcon_core.environment:checking '/home/golf/combi_ws/install/bin'
[5.622s] INFO:colcon.colcon_core.shell:Creating package script '/home/golf/combi_ws/install/share/combi_moveit/package.ps1'
[5.624s] INFO:colcon.colcon_core.shell:Creating package descriptor '/home/golf/combi_ws/install/share/combi_moveit/package.dsv'
[5.625s] INFO:colcon.colcon_core.shell:Creating package script '/home/golf/combi_ws/install/share/combi_moveit/package.sh'
[5.627s] INFO:colcon.colcon_core.shell:Creating package script '/home/golf/combi_ws/install/share/combi_moveit/package.bash'
[5.628s] INFO:colcon.colcon_core.shell:Creating package script '/home/golf/combi_ws/install/share/combi_moveit/package.zsh'
[5.629s] Level 1:colcon.colcon_core.environment:create_file_with_runtime_dependencies(/home/golf/combi_ws/install/share/colcon-core/packages/combi_moveit)
[5.631s] Level 1:colcon.colcon_core.environment:create_environment_scripts_only(combi_moveit)
[5.632s] Level 1:colcon.colcon_core.environment:checking '/home/golf/combi_ws/install' for CMake module files
[5.634s] Level 1:colcon.colcon_core.environment:checking '/home/golf/combi_ws/install' for CMake config files
[5.635s] Level 1:colcon.colcon_core.shell:create_environment_hook('combi_moveit', 'cmake_prefix_path')
[5.636s] INFO:colcon.colcon_core.shell:Creating environment hook '/home/golf/combi_ws/install/share/combi_moveit/hook/cmake_prefix_path.ps1'
[5.637s] INFO:colcon.colcon_core.shell:Creating environment descriptor '/home/golf/combi_ws/install/share/combi_moveit/hook/cmake_prefix_path.dsv'
[5.638s] INFO:colcon.colcon_core.shell:Creating environment hook '/home/golf/combi_ws/install/share/combi_moveit/hook/cmake_prefix_path.sh'
[5.640s] Level 1:colcon.colcon_core.environment:checking '/home/golf/combi_ws/install/bin'
[5.641s] Level 1:colcon.colcon_core.environment:checking '/home/golf/combi_ws/install/lib/pkgconfig/combi_moveit.pc'
[5.642s] Level 1:colcon.colcon_core.environment:checking '/home/golf/combi_ws/install/lib/python3.10/site-packages'
[5.642s] Level 1:colcon.colcon_core.environment:checking '/home/golf/combi_ws/install/bin'
[5.643s] INFO:colcon.colcon_core.shell:Creating package script '/home/golf/combi_ws/install/share/combi_moveit/package.ps1'
[5.645s] INFO:colcon.colcon_core.shell:Creating package descriptor '/home/golf/combi_ws/install/share/combi_moveit/package.dsv'
[5.647s] INFO:colcon.colcon_core.shell:Creating package script '/home/golf/combi_ws/install/share/combi_moveit/package.sh'
[5.648s] INFO:colcon.colcon_core.shell:Creating package script '/home/golf/combi_ws/install/share/combi_moveit/package.bash'
[5.650s] INFO:colcon.colcon_core.shell:Creating package script '/home/golf/combi_ws/install/share/combi_moveit/package.zsh'
[5.651s] Level 1:colcon.colcon_core.environment:create_file_with_runtime_dependencies(/home/golf/combi_ws/install/share/colcon-core/packages/combi_moveit)
[5.652s] DEBUG:colcon.colcon_parallel_executor.executor.parallel:closing loop
[5.653s] DEBUG:colcon.colcon_parallel_executor.executor.parallel:loop closed
[5.654s] DEBUG:colcon.colcon_parallel_executor.executor.parallel:run_until_complete finished with '0'
[5.654s] DEBUG:colcon.colcon_core.event_reactor:joining thread
[5.673s] INFO:colcon.colcon_core.plugin_system:Skipping extension 'colcon_notification.desktop_notification.terminal_notifier': Not used on non-Darwin systems
[5.673s] INFO:colcon.colcon_core.plugin_system:Skipping extension 'colcon_notification.desktop_notification.win32': Not used on non-Windows systems
[5.673s] INFO:colcon.colcon_notification.desktop_notification:Sending desktop notification using 'notify2'
[5.720s] DEBUG:colcon.colcon_core.event_reactor:joined thread
[5.721s] INFO:colcon.colcon_core.shell:Creating prefix script '/home/golf/combi_ws/install/local_setup.ps1'
[5.723s] INFO:colcon.colcon_core.shell:Creating prefix util module '/home/golf/combi_ws/install/_local_setup_util_ps1.py'
[5.727s] INFO:colcon.colcon_core.shell:Creating prefix chain script '/home/golf/combi_ws/install/setup.ps1'
[5.731s] INFO:colcon.colcon_core.shell:Creating prefix script '/home/golf/combi_ws/install/local_setup.sh'
[5.733s] INFO:colcon.colcon_core.shell:Creating prefix util module '/home/golf/combi_ws/install/_local_setup_util_sh.py'
[5.735s] INFO:colcon.colcon_core.shell:Creating prefix chain script '/home/golf/combi_ws/install/setup.sh'
[5.737s] INFO:colcon.colcon_core.shell:Creating prefix script '/home/golf/combi_ws/install/local_setup.bash'
[5.738s] INFO:colcon.colcon_core.shell:Creating prefix chain script '/home/golf/combi_ws/install/setup.bash'
[5.740s] INFO:colcon.colcon_core.shell:Creating prefix script '/home/golf/combi_ws/install/local_setup.zsh'
[5.741s] INFO:colcon.colcon_core.shell:Creating prefix chain script '/home/golf/combi_ws/install/setup.zsh'
