[0.024s] Invoking command in '/home/golf/combi_ws/build/combi_moveit': CMAKE_PREFIX_PATH=/home/golf/combi_ws/install:/opt/ros/humble:/home/golf/ws_nova2_delto/install /usr/bin/cmake /home/golf/combi_ws/src/combi_moveit -DAMENT_CMAKE_SYMLINK_INSTALL=1 -DCMAKE_INSTALL_PREFIX=/home/golf/combi_ws/install
[0.143s] -- The C compiler identification is GNU 11.4.0
[0.272s] -- The CXX compiler identification is GNU 11.4.0
[0.290s] -- Detecting C compiler ABI info
[0.440s] -- Detecting C compiler ABI info - done
[0.459s] -- Check for working C compiler: /usr/bin/cc - skipped
[0.460s] -- Detecting C compile features
[0.461s] -- Detecting C compile features - done
[0.472s] -- Detecting CXX compiler ABI info
[0.643s] -- Detecting CXX compiler ABI info - done
[0.668s] -- Check for working CXX compiler: /usr/bin/c++ - skipped
[0.669s] -- Detecting CXX compile features
[0.671s] -- Detecting CXX compile features - done
[0.680s] -- Found ament_cmake: 1.3.12 (/opt/ros/humble/share/ament_cmake/cmake)
[1.045s] -- Found Python3: /usr/bin/python3 (found version "3.10.12") found components: Interpreter 
[1.182s] -- Override CMake install command with custom implementation using symlinks instead of copying resources
[1.417s] -- Configuring done
[1.424s] -- Generating done
[1.427s] -- Build files have been written to: /home/golf/combi_ws/build/combi_moveit
[1.441s] Invoked command in '/home/golf/combi_ws/build/combi_moveit' returned '0': CMAKE_PREFIX_PATH=/home/golf/combi_ws/install:/opt/ros/humble:/home/golf/ws_nova2_delto/install /usr/bin/cmake /home/golf/combi_ws/src/combi_moveit -DAMENT_CMAKE_SYMLINK_INSTALL=1 -DCMAKE_INSTALL_PREFIX=/home/golf/combi_ws/install
[1.445s] Invoking command in '/home/golf/combi_ws/build/combi_moveit': CMAKE_PREFIX_PATH=/home/golf/combi_ws/install:/opt/ros/humble:/home/golf/ws_nova2_delto/install /usr/bin/cmake --build /home/golf/combi_ws/build/combi_moveit -- -j6 -l6
[1.532s] Invoked command in '/home/golf/combi_ws/build/combi_moveit' returned '0': CMAKE_PREFIX_PATH=/home/golf/combi_ws/install:/opt/ros/humble:/home/golf/ws_nova2_delto/install /usr/bin/cmake --build /home/golf/combi_ws/build/combi_moveit -- -j6 -l6
[1.536s] Invoking command in '/home/golf/combi_ws/build/combi_moveit': CMAKE_PREFIX_PATH=/home/golf/combi_ws/install:/opt/ros/humble:/home/golf/ws_nova2_delto/install /usr/bin/cmake --install /home/golf/combi_ws/build/combi_moveit
[1.554s] -- Install configuration: ""
[1.555s] -- Execute custom install script
[1.557s] -- Symlinking: /home/golf/combi_ws/install/share/combi_moveit/launch/demo.launch.py
[1.579s] -- Symlinking: /home/golf/combi_ws/install/share/combi_moveit/launch/dobot_moveit.launch.py
[1.599s] -- Symlinking: /home/golf/combi_ws/install/share/combi_moveit/launch/move_group.launch.py
[1.622s] -- Symlinking: /home/golf/combi_ws/install/share/combi_moveit/launch/moveit_rviz.launch.py
[1.643s] -- Symlinking: /home/golf/combi_ws/install/share/combi_moveit/launch/rsp.launch.py
[1.664s] -- Symlinking: /home/golf/combi_ws/install/share/combi_moveit/launch/setup_assistant.launch.py
[1.684s] -- Symlinking: /home/golf/combi_ws/install/share/combi_moveit/launch/spawn_controllers.launch.py
[1.704s] -- Symlinking: /home/golf/combi_ws/install/share/combi_moveit/launch/static_virtual_joint_tfs.launch.py
[1.728s] -- Symlinking: /home/golf/combi_ws/install/share/combi_moveit/launch/warehouse_db.launch.py
[1.748s] -- Symlinking: /home/golf/combi_ws/install/share/combi_moveit/config/combi.ros2_control.xacro
[1.769s] -- Symlinking: /home/golf/combi_ws/install/share/combi_moveit/config/combi.srdf
[1.789s] -- Symlinking: /home/golf/combi_ws/install/share/combi_moveit/config/combi.xacro
[1.811s] -- Symlinking: /home/golf/combi_ws/install/share/combi_moveit/config/initial_positions.yaml
[1.830s] -- Symlinking: /home/golf/combi_ws/install/share/combi_moveit/config/joint_limits.yaml
[1.850s] -- Symlinking: /home/golf/combi_ws/install/share/combi_moveit/config/kinematics.yaml
[1.871s] -- Symlinking: /home/golf/combi_ws/install/share/combi_moveit/config/moveit.rviz
[1.890s] -- Symlinking: /home/golf/combi_ws/install/share/combi_moveit/config/moveit_controllers.yaml
[1.910s] -- Symlinking: /home/golf/combi_ws/install/share/combi_moveit/config/pilz_cartesian_limits.yaml
[1.929s] -- Symlinking: /home/golf/combi_ws/install/share/combi_moveit/config/ros2_controllers.yaml
[1.950s] -- Up-to-date symlink: /home/golf/combi_ws/install/share/combi_moveit/launch/demo.launch.py
[1.951s] -- Up-to-date symlink: /home/golf/combi_ws/install/share/combi_moveit/launch/dobot_moveit.launch.py
[1.951s] -- Up-to-date symlink: /home/golf/combi_ws/install/share/combi_moveit/launch/move_group.launch.py
[1.952s] -- Up-to-date symlink: /home/golf/combi_ws/install/share/combi_moveit/launch/moveit_rviz.launch.py
[1.952s] -- Up-to-date symlink: /home/golf/combi_ws/install/share/combi_moveit/launch/rsp.launch.py
[1.952s] -- Up-to-date symlink: /home/golf/combi_ws/install/share/combi_moveit/launch/setup_assistant.launch.py
[1.952s] -- Up-to-date symlink: /home/golf/combi_ws/install/share/combi_moveit/launch/spawn_controllers.launch.py
[1.953s] -- Up-to-date symlink: /home/golf/combi_ws/install/share/combi_moveit/launch/static_virtual_joint_tfs.launch.py
[1.953s] -- Up-to-date symlink: /home/golf/combi_ws/install/share/combi_moveit/launch/warehouse_db.launch.py
[1.953s] -- Symlinking: /home/golf/combi_ws/install/share/ament_index/resource_index/package_run_dependencies/combi_moveit
[1.974s] -- Symlinking: /home/golf/combi_ws/install/share/ament_index/resource_index/parent_prefix_path/combi_moveit
[1.994s] -- Symlinking: /home/golf/combi_ws/install/share/combi_moveit/environment/ament_prefix_path.sh
[2.016s] -- Symlinking: /home/golf/combi_ws/install/share/combi_moveit/environment/ament_prefix_path.dsv
[2.035s] -- Symlinking: /home/golf/combi_ws/install/share/combi_moveit/environment/path.sh
[2.055s] -- Symlinking: /home/golf/combi_ws/install/share/combi_moveit/environment/path.dsv
[2.075s] -- Symlinking: /home/golf/combi_ws/install/share/combi_moveit/local_setup.bash
[2.096s] -- Symlinking: /home/golf/combi_ws/install/share/combi_moveit/local_setup.sh
[2.116s] -- Symlinking: /home/golf/combi_ws/install/share/combi_moveit/local_setup.zsh
[2.136s] -- Symlinking: /home/golf/combi_ws/install/share/combi_moveit/local_setup.dsv
[2.156s] -- Symlinking: /home/golf/combi_ws/install/share/combi_moveit/package.dsv
[2.176s] -- Symlinking: /home/golf/combi_ws/install/share/ament_index/resource_index/packages/combi_moveit
[2.196s] -- Symlinking: /home/golf/combi_ws/install/share/combi_moveit/cmake/combi_moveitConfig.cmake
[2.216s] -- Symlinking: /home/golf/combi_ws/install/share/combi_moveit/cmake/combi_moveitConfig-version.cmake
[2.238s] -- Symlinking: /home/golf/combi_ws/install/share/combi_moveit/package.xml
[2.265s] Invoked command in '/home/golf/combi_ws/build/combi_moveit' returned '0': CMAKE_PREFIX_PATH=/home/golf/combi_ws/install:/opt/ros/humble:/home/golf/ws_nova2_delto/install /usr/bin/cmake --install /home/golf/combi_ws/build/combi_moveit
